<?xml version="1.0" encoding="UTF-8"?>
<testng-results ignored="0" total="11" passed="11" failed="0" skipped="0">
  <reporter-output>
  </reporter-output>
  <suite started-at="2025-09-07T23:46:47 IST" name="SauceDemo Automation Suite" finished-at="2025-09-07T23:48:23 IST" duration-ms="95912">
    <groups>
      <group name="cucumber">
        <method signature="AbstractTestNGCucumberTests.runScenario(io.cucumber.testng.PickleWrapper,io.cucumber.testng.FeatureWrapper)[pri:0, instance:runners.TestRunner@79d8407f]" name="runScenario" class="io.cucumber.testng.AbstractTestNGCucumberTests"/>
      </group> <!-- cucumber -->
    </groups>
    <test started-at="2025-09-07T23:46:47 IST" name="Cucumber Tests" finished-at="2025-09-07T23:48:23 IST" duration-ms="95912">
      <class name="runners.TestRunner">
        <test-method is-config="true" signature="setUpClass(org.testng.ITestContext)[pri:0, instance:runners.TestRunner@79d8407f]" started-at="2025-09-07T23:46:47 IST" name="setUpClass" finished-at="2025-09-07T23:46:49 IST" duration-ms="1589" status="PASS">
          <params>
            <param index="0">
              <value>
                <![CDATA[org.testng.TestRunner@46a388cc]]>
              </value>
            </param>
          </params>
          <reporter-output>
          </reporter-output>
        </test-method> <!-- setUpClass -->
        <test-method signature="runScenario(io.cucumber.testng.PickleWrapper,io.cucumber.testng.FeatureWrapper)[pri:0, instance:runners.TestRunner@79d8407f]" started-at="2025-09-07T23:46:49 IST" name="runScenario" description="Runs Cucumber Scenarios" data-provider="scenarios" finished-at="2025-09-07T23:47:01 IST" duration-ms="12018" status="PASS">
          <params>
            <param index="0">
              <value>
                <![CDATA["Add two items and verify cart badge"]]>
              </value>
            </param>
            <param index="1">
              <value>
                <![CDATA["Cart and Checkout flows"]]>
              </value>
            </param>
          </params>
          <reporter-output>
          </reporter-output>
        </test-method> <!-- runScenario -->
        <test-method signature="runScenario(io.cucumber.testng.PickleWrapper,io.cucumber.testng.FeatureWrapper)[pri:0, instance:runners.TestRunner@79d8407f]" started-at="2025-09-07T23:47:01 IST" name="runScenario" description="Runs Cucumber Scenarios" data-provider="scenarios" finished-at="2025-09-07T23:47:12 IST" duration-ms="11040" status="PASS">
          <params>
            <param index="0">
              <value>
                <![CDATA["Checkout completes successfully"]]>
              </value>
            </param>
            <param index="1">
              <value>
                <![CDATA["Cart and Checkout flows"]]>
              </value>
            </param>
          </params>
          <reporter-output>
          </reporter-output>
        </test-method> <!-- runScenario -->
        <test-method signature="runScenario(io.cucumber.testng.PickleWrapper,io.cucumber.testng.FeatureWrapper)[pri:0, instance:runners.TestRunner@79d8407f]" started-at="2025-09-07T23:47:12 IST" name="runScenario" description="Runs Cucumber Scenarios" data-provider="scenarios" finished-at="2025-09-07T23:47:20 IST" duration-ms="8189" status="PASS">
          <params>
            <param index="0">
              <value>
                <![CDATA["Remove item from products page updates cart badge"]]>
              </value>
            </param>
            <param index="1">
              <value>
                <![CDATA["Cart and Checkout flows"]]>
              </value>
            </param>
          </params>
          <reporter-output>
          </reporter-output>
        </test-method> <!-- runScenario -->
        <test-method signature="runScenario(io.cucumber.testng.PickleWrapper,io.cucumber.testng.FeatureWrapper)[pri:0, instance:runners.TestRunner@79d8407f]" started-at="2025-09-07T23:47:20 IST" name="runScenario" description="Runs Cucumber Scenarios" data-provider="scenarios" finished-at="2025-09-07T23:47:28 IST" duration-ms="7711" status="PASS">
          <params>
            <param index="0">
              <value>
                <![CDATA["Successful login with standard user"]]>
              </value>
            </param>
            <param index="1">
              <value>
                <![CDATA["Login functionality"]]>
              </value>
            </param>
          </params>
          <reporter-output>
          </reporter-output>
        </test-method> <!-- runScenario -->
        <test-method signature="runScenario(io.cucumber.testng.PickleWrapper,io.cucumber.testng.FeatureWrapper)[pri:0, instance:runners.TestRunner@79d8407f]" started-at="2025-09-07T23:47:28 IST" name="runScenario" description="Runs Cucumber Scenarios" data-provider="scenarios" finished-at="2025-09-07T23:47:35 IST" duration-ms="7549" status="PASS">
          <params>
            <param index="0">
              <value>
                <![CDATA["Locked out user should see error"]]>
              </value>
            </param>
            <param index="1">
              <value>
                <![CDATA["Login functionality"]]>
              </value>
            </param>
          </params>
          <reporter-output>
          </reporter-output>
        </test-method> <!-- runScenario -->
        <test-method signature="runScenario(io.cucumber.testng.PickleWrapper,io.cucumber.testng.FeatureWrapper)[pri:0, instance:runners.TestRunner@79d8407f]" started-at="2025-09-07T23:47:35 IST" name="runScenario" description="Runs Cucumber Scenarios" data-provider="scenarios" finished-at="2025-09-07T23:47:43 IST" duration-ms="7793" status="PASS">
          <params>
            <param index="0">
              <value>
                <![CDATA["Wrong password shows error"]]>
              </value>
            </param>
            <param index="1">
              <value>
                <![CDATA["Login functionality"]]>
              </value>
            </param>
          </params>
          <reporter-output>
          </reporter-output>
        </test-method> <!-- runScenario -->
        <test-method signature="runScenario(io.cucumber.testng.PickleWrapper,io.cucumber.testng.FeatureWrapper)[pri:0, instance:runners.TestRunner@79d8407f]" started-at="2025-09-07T23:47:43 IST" name="runScenario" description="Runs Cucumber Scenarios" data-provider="scenarios" finished-at="2025-09-07T23:47:51 IST" duration-ms="7887" status="PASS">
          <params>
            <param index="0">
              <value>
                <![CDATA["Empty username and password shows error"]]>
              </value>
            </param>
            <param index="1">
              <value>
                <![CDATA["Negative and edge cases"]]>
              </value>
            </param>
          </params>
          <reporter-output>
          </reporter-output>
        </test-method> <!-- runScenario -->
        <test-method signature="runScenario(io.cucumber.testng.PickleWrapper,io.cucumber.testng.FeatureWrapper)[pri:0, instance:runners.TestRunner@79d8407f]" started-at="2025-09-07T23:47:51 IST" name="runScenario" description="Runs Cucumber Scenarios" data-provider="scenarios" finished-at="2025-09-07T23:47:59 IST" duration-ms="7772" status="PASS">
          <params>
            <param index="0">
              <value>
                <![CDATA["Problem user can login but UI may be broken"]]>
              </value>
            </param>
            <param index="1">
              <value>
                <![CDATA["Negative and edge cases"]]>
              </value>
            </param>
          </params>
          <reporter-output>
          </reporter-output>
        </test-method> <!-- runScenario -->
        <test-method signature="runScenario(io.cucumber.testng.PickleWrapper,io.cucumber.testng.FeatureWrapper)[pri:0, instance:runners.TestRunner@79d8407f]" started-at="2025-09-07T23:47:59 IST" name="runScenario" description="Runs Cucumber Scenarios" data-provider="scenarios" finished-at="2025-09-07T23:48:07 IST" duration-ms="7942" status="PASS">
          <params>
            <param index="0">
              <value>
                <![CDATA["Products listing has multiple items"]]>
              </value>
            </param>
            <param index="1">
              <value>
                <![CDATA["Products listing, sorting and names"]]>
              </value>
            </param>
          </params>
          <reporter-output>
          </reporter-output>
        </test-method> <!-- runScenario -->
        <test-method signature="runScenario(io.cucumber.testng.PickleWrapper,io.cucumber.testng.FeatureWrapper)[pri:0, instance:runners.TestRunner@79d8407f]" started-at="2025-09-07T23:48:07 IST" name="runScenario" description="Runs Cucumber Scenarios" data-provider="scenarios" finished-at="2025-09-07T23:48:15 IST" duration-ms="7941" status="PASS">
          <params>
            <param index="0">
              <value>
                <![CDATA["Sort products by Price (low to high)"]]>
              </value>
            </param>
            <param index="1">
              <value>
                <![CDATA["Products listing, sorting and names"]]>
              </value>
            </param>
          </params>
          <reporter-output>
          </reporter-output>
        </test-method> <!-- runScenario -->
        <test-method signature="runScenario(io.cucumber.testng.PickleWrapper,io.cucumber.testng.FeatureWrapper)[pri:0, instance:runners.TestRunner@79d8407f]" started-at="2025-09-07T23:48:15 IST" name="runScenario" description="Runs Cucumber Scenarios" data-provider="scenarios" finished-at="2025-09-07T23:48:23 IST" duration-ms="8287" status="PASS">
          <params>
            <param index="0">
              <value>
                <![CDATA["Sort products by Name (A to Z)"]]>
              </value>
            </param>
            <param index="1">
              <value>
                <![CDATA["Products listing, sorting and names"]]>
              </value>
            </param>
          </params>
          <reporter-output>
          </reporter-output>
        </test-method> <!-- runScenario -->
        <test-method is-config="true" signature="tearDownClass()[pri:0, instance:runners.TestRunner@79d8407f]" started-at="2025-09-07T23:48:23 IST" name="tearDownClass" finished-at="2025-09-07T23:48:23 IST" duration-ms="30" status="PASS">
          <reporter-output>
          </reporter-output>
        </test-method> <!-- tearDownClass -->
      </class> <!-- runners.TestRunner -->
    </test> <!-- Cucumber Tests -->
  </suite> <!-- SauceDemo Automation Suite -->
</testng-results>
